[08-Dec-2024 16:34:46 Europe/Amsterdam] PHP Fatal error:  Uncaught ArgumentCountError: The number of elements in the type definition string must match the number of bind variables in /var/www/vhosts/htionline.tue.nl/httpdocs/1af8d72c/api/index.php:120
Stack trace:
#0 /var/www/vhosts/htionline.tue.nl/httpdocs/1af8d72c/api/index.php(120): mysqli_stmt->bind_param()
#1 /var/www/vhosts/htionline.tue.nl/httpdocs/1af8d72c/api/index.php(52): handleAddRoundWithTransaction()
#2 {main}
  thrown in /var/www/vhosts/htionline.tue.nl/httpdocs/1af8d72c/api/index.php on line 120
[08-Dec-2024 16:57:39 Europe/Amsterdam] PHP Fatal error:  Uncaught mysqli_sql_exception: Duplicate entry 'test@test.nl' for key 'PRIMARY' in /var/www/vhosts/htionline.tue.nl/httpdocs/1af8d72c/api/index.php:74
Stack trace:
#0 /var/www/vhosts/htionline.tue.nl/httpdocs/1af8d72c/api/index.php(74): mysqli_stmt->execute()
#1 /var/www/vhosts/htionline.tue.nl/httpdocs/1af8d72c/api/index.php(49): handleAddParticipant()
#2 {main}
  thrown in /var/www/vhosts/htionline.tue.nl/httpdocs/1af8d72c/api/index.php on line 74
[08-Dec-2024 17:00:10 Europe/Amsterdam] PHP Fatal error:  Uncaught mysqli_sql_exception: Duplicate entry 'test@test.nl' for key 'PRIMARY' in /var/www/vhosts/htionline.tue.nl/httpdocs/1af8d72c/api/index.php:74
Stack trace:
#0 /var/www/vhosts/htionline.tue.nl/httpdocs/1af8d72c/api/index.php(74): mysqli_stmt->execute()
#1 /var/www/vhosts/htionline.tue.nl/httpdocs/1af8d72c/api/index.php(49): handleAddParticipant()
#2 {main}
  thrown in /var/www/vhosts/htionline.tue.nl/httpdocs/1af8d72c/api/index.php on line 74
[08-Dec-2024 17:03:29 Europe/Amsterdam] PHP Fatal error:  Uncaught mysqli_sql_exception: Duplicate entry 'test@test.nl' for key 'PRIMARY' in /var/www/vhosts/htionline.tue.nl/httpdocs/1af8d72c/api/index.php:74
Stack trace:
#0 /var/www/vhosts/htionline.tue.nl/httpdocs/1af8d72c/api/index.php(74): mysqli_stmt->execute()
#1 /var/www/vhosts/htionline.tue.nl/httpdocs/1af8d72c/api/index.php(49): handleAddParticipant()
#2 {main}
  thrown in /var/www/vhosts/htionline.tue.nl/httpdocs/1af8d72c/api/index.php on line 74
[11-Dec-2024 00:00:06 Europe/Amsterdam] PHP Fatal error:  Uncaught ArgumentCountError: The number of elements in the type definition string must match the number of bind variables in /var/www/vhosts/htionline.tue.nl/httpdocs/1af8d72c/api/index.php:251
Stack trace:
#0 /var/www/vhosts/htionline.tue.nl/httpdocs/1af8d72c/api/index.php(251): mysqli_stmt->bind_param()
#1 /var/www/vhosts/htionline.tue.nl/httpdocs/1af8d72c/api/index.php(61): handleAddHabitSurvey()
#2 {main}
  thrown in /var/www/vhosts/htionline.tue.nl/httpdocs/1af8d72c/api/index.php on line 251
[11-Dec-2024 00:03:05 Europe/Amsterdam] PHP Fatal error:  Uncaught ArgumentCountError: The number of elements in the type definition string must match the number of bind variables in /var/www/vhosts/htionline.tue.nl/httpdocs/1af8d72c/api/index.php:251
Stack trace:
#0 /var/www/vhosts/htionline.tue.nl/httpdocs/1af8d72c/api/index.php(251): mysqli_stmt->bind_param()
#1 /var/www/vhosts/htionline.tue.nl/httpdocs/1af8d72c/api/index.php(61): handleAddHabitSurvey()
#2 {main}
  thrown in /var/www/vhosts/htionline.tue.nl/httpdocs/1af8d72c/api/index.php on line 251
[11-Dec-2024 00:03:57 Europe/Amsterdam] PHP Fatal error:  Uncaught ArgumentCountError: The number of elements in the type definition string must match the number of bind variables in /var/www/vhosts/htionline.tue.nl/httpdocs/1af8d72c/api/index.php:251
Stack trace:
#0 /var/www/vhosts/htionline.tue.nl/httpdocs/1af8d72c/api/index.php(251): mysqli_stmt->bind_param()
#1 /var/www/vhosts/htionline.tue.nl/httpdocs/1af8d72c/api/index.php(61): handleAddHabitSurvey()
#2 {main}
  thrown in /var/www/vhosts/htionline.tue.nl/httpdocs/1af8d72c/api/index.php on line 251
[11-Dec-2024 00:03:59 Europe/Amsterdam] PHP Fatal error:  Uncaught ArgumentCountError: The number of elements in the type definition string must match the number of bind variables in /var/www/vhosts/htionline.tue.nl/httpdocs/1af8d72c/api/index.php:251
Stack trace:
#0 /var/www/vhosts/htionline.tue.nl/httpdocs/1af8d72c/api/index.php(251): mysqli_stmt->bind_param()
#1 /var/www/vhosts/htionline.tue.nl/httpdocs/1af8d72c/api/index.php(61): handleAddHabitSurvey()
#2 {main}
  thrown in /var/www/vhosts/htionline.tue.nl/httpdocs/1af8d72c/api/index.php on line 251
[11-Dec-2024 20:11:12 Europe/Amsterdam] PHP Fatal error:  Uncaught mysqli_sql_exception: Cannot add or update a child row: a foreign key constraint fails (`pevers`.`habitSurvey`, CONSTRAINT `habitSurvey_ibfk_1` FOREIGN KEY (`participantEmail`) REFERENCES `participants` (`email`)) in /var/www/vhosts/htionline.tue.nl/httpdocs/1af8d72c/api/index.php:263
Stack trace:
#0 /var/www/vhosts/htionline.tue.nl/httpdocs/1af8d72c/api/index.php(263): mysqli_stmt->execute()
#1 /var/www/vhosts/htionline.tue.nl/httpdocs/1af8d72c/api/index.php(61): handleAddHabitSurvey()
#2 {main}
  thrown in /var/www/vhosts/htionline.tue.nl/httpdocs/1af8d72c/api/index.php on line 263
